<?xml version="1.0" encoding="UTF-8"?>
<testsuite name="me.lawsonhart.kremlin.teleport.TeleportTest" tests="6" skipped="0" failures="0" errors="0" timestamp="2026-08-21T22:32:55.390Z" hostname="LAWSONS-RIG" time="0.003">
  <properties/>
  <testcase name="homeNamesNormaliseTheSameWayEverywhere()" classname="me.lawsonhart.kremlin.teleport.TeleportTest" time="0.001"/>
  <testcase name="teamHomeCommandsAreRecognisedInEveryForm()" classname="me.lawsonhart.kremlin.teleport.TeleportTest" time="0.0"/>
  <testcase name="aNicknameCannotHijackSomeoneElsesRealName()" classname="me.lawsonhart.kremlin.teleport.TeleportTest" time="0.001"/>
  <testcase name="tpaGuiPagingHandlesEmptyExactAndWrapAround()" classname="me.lawsonhart.kremlin.teleport.TeleportTest" time="0.0"/>
  <testcase name="theHubNameIsReservedAlongsideBedAndHq()" classname="me.lawsonhart.kremlin.teleport.TeleportTest" time="0.0"/>
  <testcase name="tpaResolvesRealNamesAndEssentialsNicknames()" classname="me.lawsonhart.kremlin.teleport.TeleportTest" time="0.0"/>
  <system-out><![CDATA[]]></system-out>
  <system-err><![CDATA[]]></system-err>
</testsuite>
