<?xml version="1.0" encoding="UTF-8"?>
<testsuite name="me.lawsonhart.kremlin.player.PlayerListTest" tests="2" skipped="0" failures="0" errors="0" timestamp="2026-08-21T22:32:55.378Z" hostname="LAWSONS-RIG" time="0.007">
  <properties/>
  <testcase name="lastSeenReadsAsTheLargestUnitThatFits()" classname="me.lawsonhart.kremlin.player.PlayerListTest" time="0.002"/>
  <testcase name="essentialsNicknamesRenderInsteadOfBlowingUpTheMenu()" classname="me.lawsonhart.kremlin.player.PlayerListTest" time="0.003"/>
  <system-out><![CDATA[]]></system-out>
  <system-err><![CDATA[]]></system-err>
</testsuite>
