<?xml version="1.0" encoding="UTF-8"?>
<testsuite name="me.lawsonhart.kremlin.chat.ChatImportTest" tests="3" skipped="0" failures="0" errors="0" timestamp="2026-08-21T22:32:54.878Z" hostname="LAWSONS-RIG" time="0.109">
  <properties/>
  <testcase name="whatIsImportedIsSomethingWeCanRender()" classname="me.lawsonhart.kremlin.chat.ChatImportTest" time="0.104"/>
  <testcase name="everyKeyTheImporterCopiesIsWhereItExpects()" classname="me.lawsonhart.kremlin.chat.ChatImportTest" time="0.003"/>
  <testcase name="aPerChatTypeGroupFormatIsRecognisedAsUnsupported()" classname="me.lawsonhart.kremlin.chat.ChatImportTest" time="0.002"/>
  <system-out><![CDATA[]]></system-out>
  <system-err><![CDATA[]]></system-err>
</testsuite>
