<?xml version="1.0" encoding="UTF-8"?>
<testsuite name="me.lawsonhart.kremlin.UnlimitedTradesTest" tests="2" skipped="0" failures="0" errors="0" timestamp="2026-08-18T20:47:56.142Z" hostname="LAWSONS-RIG" time="0.004">
  <properties/>
  <testcase name="repairedMaxUsesNeverInflatesPrices()" classname="me.lawsonhart.kremlin.UnlimitedTradesTest" time="0.002"/>
  <testcase name="maxValueMaxUsesUnderflowsDemandIntoRaisingPrices()" classname="me.lawsonhart.kremlin.UnlimitedTradesTest" time="0.001"/>
  <system-out><![CDATA[]]></system-out>
  <system-err><![CDATA[]]></system-err>
</testsuite>
