<?xml version="1.0" encoding="UTF-8"?>
<testsuite name="me.lawsonhart.kremlin.core.DurationsTest" tests="9" skipped="0" failures="0" errors="0" timestamp="2026-08-21T22:32:55.081Z" hostname="LAWSONS-RIG" time="0.009">
  <properties/>
  <testcase name="aCapOfMinusOneMeansNoLimitRatherThanNoTime()" classname="me.lawsonhart.kremlin.core.DurationsTest" time="0.001"/>
  <testcase name="monthsAreNotMinutes()" classname="me.lawsonhart.kremlin.core.DurationsTest" time="0.002"/>
  <testcase name="describeReadsBackTheWayItWasTyped()" classname="me.lawsonhart.kremlin.core.DurationsTest" time="0.002"/>
  <testcase name="partsAddUpInAnyOrder()" classname="me.lawsonhart.kremlin.core.DurationsTest" time="0.001"/>
  <testcase name="foreverIsItsOwnAnswer()" classname="me.lawsonhart.kremlin.core.DurationsTest" time="0.0"/>
  <testcase name="caseDoesNotMatter()" classname="me.lawsonhart.kremlin.core.DurationsTest" time="0.0"/>
  <testcase name="anAbsurdlyLargeNumberDoesNotOverflow()" classname="me.lawsonhart.kremlin.core.DurationsTest" time="0.0"/>
  <testcase name="nonsenseIsRefusedRatherThanTreatedAsZero()" classname="me.lawsonhart.kremlin.core.DurationsTest" time="0.0"/>
  <testcase name="singleUnitsReadAsThemselves()" classname="me.lawsonhart.kremlin.core.DurationsTest" time="0.001"/>
  <system-out><![CDATA[]]></system-out>
  <system-err><![CDATA[]]></system-err>
</testsuite>
