<?xml version="1.0" encoding="UTF-8"?>
<testsuite name="me.lawsonhart.kremlin.TabCompleteTest" tests="4" skipped="0" failures="0" errors="0" timestamp="2026-08-18T20:47:56.138Z" hostname="LAWSONS-RIG" time="0.004">
  <properties/>
  <testcase name="aPrefixedNicknameIsStillFoundByTypingTheName()" classname="me.lawsonhart.kremlin.TabCompleteTest" time="0.001"/>
  <testcase name="matchingIsCaseInsensitiveAndDeduplicated()" classname="me.lawsonhart.kremlin.TabCompleteTest" time="0.0"/>
  <testcase name="anEmptyArgumentOffersEverything()" classname="me.lawsonhart.kremlin.TabCompleteTest" time="0.001"/>
  <testcase name="nothingMatchingMeansNothingOffered()" classname="me.lawsonhart.kremlin.TabCompleteTest" time="0.0"/>
  <system-out><![CDATA[]]></system-out>
  <system-err><![CDATA[]]></system-err>
</testsuite>
