<?xml version="1.0" encoding="UTF-8"?>
<testsuite name="me.lawsonhart.kremlin.combat.CombatTest" tests="8" skipped="0" failures="0" errors="0" timestamp="2026-08-21T22:32:55.022Z" hostname="LAWSONS-RIG" time="0.019">
  <properties/>
  <testcase name="commandsWeOwnAreGatedByThemselvesRatherThanTheBlockList()" classname="me.lawsonhart.kremlin.combat.CombatTest" time="0.009"/>
  <testcase name="rootCommandStripsSlashNamespaceCaseAndArgs()" classname="me.lawsonhart.kremlin.combat.CombatTest" time="0.0"/>
  <testcase name="fleeCheckMeasuresDistanceFromTheFight()" classname="me.lawsonhart.kremlin.combat.CombatTest" time="0.001"/>
  <testcase name="remainingCountsDownAndSelfEvicts()" classname="me.lawsonhart.kremlin.combat.CombatTest" time="0.001"/>
  <testcase name="theTeleportSuiteAndWarpsGateThemselvesToo()" classname="me.lawsonhart.kremlin.combat.CombatTest" time="0.0"/>
  <testcase name="subcommandsAreMatchedSoTeamSethomeCanBeBlocked()" classname="me.lawsonhart.kremlin.combat.CombatTest" time="0.003"/>
  <testcase name="namespacedCommandsCannotDodgeTheTakeover()" classname="me.lawsonhart.kremlin.combat.CombatTest" time="0.0"/>
  <testcase name="keysMissingFromAnOldConfigFallBackToTheBundledOne()" classname="me.lawsonhart.kremlin.combat.CombatTest" time="0.001"/>
  <system-out><![CDATA[]]></system-out>
  <system-err><![CDATA[]]></system-err>
</testsuite>
