<?xml version="1.0" encoding="UTF-8"?>
<testsuite name="me.lawsonhart.kremlin.player.NicknamesTest" tests="6" skipped="0" failures="0" errors="0" timestamp="2026-08-21T22:32:55.362Z" hostname="LAWSONS-RIG" time="0.005">
  <properties/>
  <testcase name="theAmpersandFormConvertsTheSameWay()" classname="me.lawsonhart.kremlin.player.NicknamesTest" time="0.001"/>
  <testcase name="anEssentialsNicknameConvertsWithoutLosingItsColours()" classname="me.lawsonhart.kremlin.player.NicknamesTest" time="0.001"/>
  <testcase name="lengthIsMeasuredOnWhatIsActuallyShown()" classname="me.lawsonhart.kremlin.player.NicknamesTest" time="0.001"/>
  <testcase name="theLimitStillBitesOnALongPlainNickname()" classname="me.lawsonhart.kremlin.player.NicknamesTest" time="0.0"/>
  <testcase name="theImportedRegexAcceptsColouredNicknamesAndRefusesSpaces()" classname="me.lawsonhart.kremlin.player.NicknamesTest" time="0.0"/>
  <testcase name="aPlainNicknameIsLeftAlone()" classname="me.lawsonhart.kremlin.player.NicknamesTest" time="0.0"/>
  <system-out><![CDATA[]]></system-out>
  <system-err><![CDATA[]]></system-err>
</testsuite>
