<?xml version="1.0" encoding="UTF-8"?>
<testsuite name="me.lawsonhart.kremlin.player.PlayerCommandsTest" tests="4" skipped="0" failures="0" errors="0" timestamp="2026-08-21T22:32:55.367Z" hostname="LAWSONS-RIG" time="0.01">
  <properties/>
  <testcase name="aBrokenCapCannotProduceAnOutOfRangeSpeed()" classname="me.lawsonhart.kremlin.player.PlayerCommandsTest" time="0.008"/>
  <testcase name="theConfiguredCapHoldsUnlessBypassed()" classname="me.lawsonhart.kremlin.player.PlayerCommandsTest" time="0.0"/>
  <testcase name="gameModesAreReachableByEveryFormPlayersType()" classname="me.lawsonhart.kremlin.player.PlayerCommandsTest" time="0.0"/>
  <testcase name="speedIsClampedIntoTheRangeTheApiAccepts()" classname="me.lawsonhart.kremlin.player.PlayerCommandsTest" time="0.0"/>
  <system-out><![CDATA[]]></system-out>
  <system-err><![CDATA[]]></system-err>
</testsuite>
