<?xml version="1.0" encoding="UTF-8"?>
<testsuite name="me.lawsonhart.kremlin.MigrationTest" tests="5" skipped="0" failures="0" errors="0" timestamp="2026-08-18T20:47:56.077Z" hostname="LAWSONS-RIG" time="0.043">
  <properties/>
  <testcase name="aFreshServerWithNoOldPluginIsFine(Path)" classname="me.lawsonhart.kremlin.MigrationTest" time="0.009"/>
  <testcase name="copiesWhatExistsAndSkipsWhatDoesNot(Path)" classname="me.lawsonhart.kremlin.MigrationTest" time="0.009"/>
  <testcase name="createsTheTargetFolderIfTheServerHasNeverRunUs(Path)" classname="me.lawsonhart.kremlin.MigrationTest" time="0.007"/>
  <testcase name="copiesTheOldFilesAcrossOnce(Path)" classname="me.lawsonhart.kremlin.MigrationTest" time="0.008"/>
  <testcase name="neverOverwritesWhatIsAlreadyThere(Path)" classname="me.lawsonhart.kremlin.MigrationTest" time="0.006"/>
  <system-out><![CDATA[]]></system-out>
  <system-err><![CDATA[]]></system-err>
</testsuite>
