<?xml version="1.0" encoding="UTF-8"?>
<testsuite name="me.lawsonhart.kremlin.info.InfoCommandsTest" tests="4" skipped="0" failures="0" errors="0" timestamp="2026-08-21T22:32:55.324Z" hostname="LAWSONS-RIG" time="0.017">
  <properties/>
  <testcase name="aSingleLineEntryReadsAsWellAsAList()" classname="me.lawsonhart.kremlin.info.InfoCommandsTest" time="0.001"/>
  <testcase name="anUnsetKeyIsEmptyBothWays()" classname="me.lawsonhart.kremlin.info.InfoCommandsTest" time="0.001"/>
  <testcase name="everyLabelHasTextShippedForIt()" classname="me.lawsonhart.kremlin.info.InfoCommandsTest" time="0.007"/>
  <testcase name="everyLabelIsDeclaredAsACommand()" classname="me.lawsonhart.kremlin.info.InfoCommandsTest" time="0.008"/>
  <system-out><![CDATA[]]></system-out>
  <system-err><![CDATA[]]></system-err>
</testsuite>
