<?xml version="1.0" encoding="UTF-8"?>
<testsuite name="me.lawsonhart.kremlin.chat.PlaceholdersTest" tests="4" skipped="0" failures="0" errors="0" timestamp="2026-08-21T22:32:54.987Z" hostname="LAWSONS-RIG" time="0.035">
  <properties/>
  <testcase name="theFormattedFormKeepsTheColoursAsCodesTabPluginsUnderstand()" classname="me.lawsonhart.kremlin.chat.PlaceholdersTest" time="0.023"/>
  <testcase name="thePlainFormIsActuallyPlain()" classname="me.lawsonhart.kremlin.chat.PlaceholdersTest" time="0.003"/>
  <testcase name="thePlainAndFormattedFormsAreNotTheSameThing()" classname="me.lawsonhart.kremlin.chat.PlaceholdersTest" time="0.002"/>
  <testcase name="anUnnicknamedPlayerComesBackUnchanged()" classname="me.lawsonhart.kremlin.chat.PlaceholdersTest" time="0.001"/>
  <system-out><![CDATA[]]></system-out>
  <system-err><![CDATA[]]></system-err>
</testsuite>
