<?xml version="1.0" encoding="UTF-8"?>
<testsuite name="me.lawsonhart.kremlin.PlayerListTest" tests="2" skipped="0" failures="0" errors="0" timestamp="2026-08-18T20:47:56.120Z" hostname="LAWSONS-RIG" time="0.017">
  <properties/>
  <testcase name="lastSeenReadsAsTheLargestUnitThatFits()" classname="me.lawsonhart.kremlin.PlayerListTest" time="0.006"/>
  <testcase name="essentialsNicknamesRenderInsteadOfBlowingUpTheMenu()" classname="me.lawsonhart.kremlin.PlayerListTest" time="0.01"/>
  <system-out><![CDATA[]]></system-out>
  <system-err><![CDATA[]]></system-err>
</testsuite>
