<?xml version="1.0" encoding="UTF-8"?>
<testsuite name="me.lawsonhart.kremlin.player.InvSeeTest" tests="4" skipped="0" failures="0" errors="0" timestamp="2026-08-21T22:32:55.357Z" hostname="LAWSONS-RIG" time="0.005">
  <properties/>
  <testcase name="everyWayToReachEssentialsEnderChestLandsOnOurs()" classname="me.lawsonhart.kremlin.player.InvSeeTest" time="0.001"/>
  <testcase name="everyPlayerSlotIsReachableExactlyOnce()" classname="me.lawsonhart.kremlin.player.InvSeeTest" time="0.0"/>
  <testcase name="statusReadsTheWayAPlayerWouldWriteIt()" classname="me.lawsonhart.kremlin.player.InvSeeTest" time="0.002"/>
  <testcase name="armourAndOffHandLandWhereThePlayerScreenPutsThem()" classname="me.lawsonhart.kremlin.player.InvSeeTest" time="0.0"/>
  <system-out><![CDATA[]]></system-out>
  <system-err><![CDATA[]]></system-err>
</testsuite>
