<?xml version="1.0" encoding="UTF-8"?>
<testsuite name="me.lawsonhart.kremlin.teleport.WarpsTest" tests="4" skipped="0" failures="0" errors="0" timestamp="2026-08-21T22:32:55.393Z" hostname="LAWSONS-RIG" time="0.005">
  <properties/>
  <testcase name="theFilenameIsTheFallbackName()" classname="me.lawsonhart.kremlin.teleport.WarpsTest" time="0.0"/>
  <testcase name="anEssentialsWarpFileIsReadFromFlatKeys()" classname="me.lawsonhart.kremlin.teleport.WarpsTest" time="0.002"/>
  <testcase name="warpNamesNormaliseLikeHomeNames()" classname="me.lawsonhart.kremlin.teleport.WarpsTest" time="0.0"/>
  <testcase name="thePerWarpNodeIsCaseInsensitive()" classname="me.lawsonhart.kremlin.teleport.WarpsTest" time="0.001"/>
  <system-out><![CDATA[]]></system-out>
  <system-err><![CDATA[]]></system-err>
</testsuite>
