<?xml version="1.0" encoding="UTF-8"?>
<testsuite name="me.lawsonhart.kremlin.core.FormatTest" tests="11" skipped="0" failures="0" errors="0" timestamp="2026-08-21T22:32:55.091Z" hostname="LAWSONS-RIG" time="0.016">
  <properties/>
  <testcase name="theRealFormatRendersWithTheMessageAsAComponent()" classname="me.lawsonhart.kremlin.core.FormatTest" time="0.003"/>
  <testcase name="knownPlaceholdersAreSubstitutedAndUnknownOnesSurvive()" classname="me.lawsonhart.kremlin.core.FormatTest" time="0.001"/>
  <testcase name="aPlayerCannotInjectMiniMessageIntoTheFormat()" classname="me.lawsonhart.kremlin.core.FormatTest" time="0.002"/>
  <testcase name="legacyCodesBecomeMiniMessageTags()" classname="me.lawsonhart.kremlin.core.FormatTest" time="0.001"/>
  <testcase name="placeholderLookupIsCaseInsensitive()" classname="me.lawsonhart.kremlin.core.FormatTest" time="0.0"/>
  <testcase name="leftoverPlaceholdersAreHandedToPlaceholderApi()" classname="me.lawsonhart.kremlin.core.FormatTest" time="0.0"/>
  <testcase name="formatAndMagicAreSeparatePermissionsFromColour()" classname="me.lawsonhart.kremlin.core.FormatTest" time="0.001"/>
  <testcase name="sectionSignsFromAClientAreNeverHonoured()" classname="me.lawsonhart.kremlin.core.FormatTest" time="0.0"/>
  <testcase name="aGroupFormatCanAddDecorationInFrontOfTheRest()" classname="me.lawsonhart.kremlin.core.FormatTest" time="0.002"/>
  <testcase name="colourCodesInChatNeedThePermission()" classname="me.lawsonhart.kremlin.core.FormatTest" time="0.0"/>
  <testcase name="theMessageCannotEscapeIntoTheSurroundingFormat()" classname="me.lawsonhart.kremlin.core.FormatTest" time="0.001"/>
  <system-out><![CDATA[]]></system-out>
  <system-err><![CDATA[]]></system-err>
</testsuite>
