<?xml version="1.0" encoding="UTF-8"?>
<testsuite name="me.lawsonhart.kremlin.InvSeeTest" tests="5" skipped="0" failures="0" errors="0" timestamp="2026-08-18T20:47:56.069Z" hostname="LAWSONS-RIG" time="0.007">
  <properties/>
  <testcase name="theHubNameIsReservedAlongsideBedAndHq()" classname="me.lawsonhart.kremlin.InvSeeTest" time="0.001"/>
  <testcase name="everyWayToReachEssentialsEnderChestLandsOnOurs()" classname="me.lawsonhart.kremlin.InvSeeTest" time="0.002"/>
  <testcase name="everyPlayerSlotIsReachableExactlyOnce()" classname="me.lawsonhart.kremlin.InvSeeTest" time="0.002"/>
  <testcase name="statusReadsTheWayAPlayerWouldWriteIt()" classname="me.lawsonhart.kremlin.InvSeeTest" time="0.001"/>
  <testcase name="armourAndOffHandLandWhereThePlayerScreenPutsThem()" classname="me.lawsonhart.kremlin.InvSeeTest" time="0.001"/>
  <system-out><![CDATA[]]></system-out>
  <system-err><![CDATA[]]></system-err>
</testsuite>
