<?xml version="1.0" encoding="UTF-8"?>
<testsuite name="me.lawsonhart.kremlin.combat.MigrationTest" tests="5" skipped="0" failures="0" errors="0" timestamp="2026-08-21T22:32:55.042Z" hostname="LAWSONS-RIG" time="0.038">
  <properties/>
  <testcase name="aFreshServerWithNoOldPluginIsFine(Path)" classname="me.lawsonhart.kremlin.combat.MigrationTest" time="0.008"/>
  <testcase name="copiesWhatExistsAndSkipsWhatDoesNot(Path)" classname="me.lawsonhart.kremlin.combat.MigrationTest" time="0.006"/>
  <testcase name="createsTheTargetFolderIfTheServerHasNeverRunUs(Path)" classname="me.lawsonhart.kremlin.combat.MigrationTest" time="0.004"/>
  <testcase name="copiesTheOldFilesAcrossOnce(Path)" classname="me.lawsonhart.kremlin.combat.MigrationTest" time="0.009"/>
  <testcase name="neverOverwritesWhatIsAlreadyThere(Path)" classname="me.lawsonhart.kremlin.combat.MigrationTest" time="0.006"/>
  <system-out><![CDATA[]]></system-out>
  <system-err><![CDATA[]]></system-err>
</testsuite>
