<?xml version="1.0" encoding="UTF-8"?>
<testsuite name="me.lawsonhart.kremlin.core.ResourcesTest" tests="5" skipped="0" failures="0" errors="0" timestamp="2026-08-21T22:32:55.123Z" hostname="LAWSONS-RIG" time="0.079">
  <properties/>
  <testcase name="everyShippedFileParses()" classname="me.lawsonhart.kremlin.core.ResourcesTest" time="0.037"/>
  <testcase name="nothingDependsOnEssentialsAnyMore()" classname="me.lawsonhart.kremlin.core.ResourcesTest" time="0.013"/>
  <testcase name="noTwoCommandsClaimTheSameLabel()" classname="me.lawsonhart.kremlin.core.ResourcesTest" time="0.009"/>
  <testcase name="pluginYmlHasWhatTheServerNeeds()" classname="me.lawsonhart.kremlin.core.ResourcesTest" time="0.009"/>
  <testcase name="everyCommandIsDescribed()" classname="me.lawsonhart.kremlin.core.ResourcesTest" time="0.008"/>
  <system-out><![CDATA[]]></system-out>
  <system-err><![CDATA[]]></system-err>
</testsuite>
