<?xml version="1.0" encoding="UTF-8"?>
<testsuite name="me.lawsonhart.kremlin.punish.PunishmentsTest" tests="5" skipped="0" failures="0" errors="0" timestamp="2026-08-21T22:32:55.386Z" hostname="LAWSONS-RIG" time="0.004">
  <properties/>
  <testcase name="aHistoryRowMissingKeysStillReads()" classname="me.lawsonhart.kremlin.punish.PunishmentsTest" time="0.002"/>
  <testcase name="aMuteWhoseTimeHasPassedIsOff()" classname="me.lawsonhart.kremlin.punish.PunishmentsTest" time="0.0"/>
  <testcase name="aMuteWithTimeLeftIsStillOn()" classname="me.lawsonhart.kremlin.punish.PunishmentsTest" time="0.0"/>
  <testcase name="aOneOffEntryIsNotActive()" classname="me.lawsonhart.kremlin.punish.PunishmentsTest" time="0.0"/>
  <testcase name="aPermanentMuteNeverExpires()" classname="me.lawsonhart.kremlin.punish.PunishmentsTest" time="0.001"/>
  <system-out><![CDATA[]]></system-out>
  <system-err><![CDATA[]]></system-err>
</testsuite>
