<?xml version="1.0" encoding="UTF-8"?>
<testsuite name="me.lawsonhart.kremlin.discord.ModerationTest" tests="3" skipped="0" failures="0" errors="0" timestamp="2026-08-21T22:32:55.283Z" hostname="LAWSONS-RIG" time="0.022">
  <properties/>
  <testcase name="everyDiscordCommandRunsARealInGameCommand()" classname="me.lawsonhart.kremlin.discord.ModerationTest" time="0.018"/>
  <testcase name="aLongReplyIsTrimmedBelowTheDiscordLimit()" classname="me.lawsonhart.kremlin.discord.ModerationTest" time="0.001"/>
  <testcase name="everyModerationCommandIsRecognisedByTheGate()" classname="me.lawsonhart.kremlin.discord.ModerationTest" time="0.002"/>
  <system-out><![CDATA[]]></system-out>
  <system-err><![CDATA[]]></system-err>
</testsuite>
